14:33:00.884 [pool-1-thread-1] ERROR org.coocox.codb.common.log.ErrorLog - menuToolbarStat api exception!errorCode:2000
PUT API FAILED! 
org.coocox.codb.client.core.api.ClientBaseApi.putRespCheck(ClientBaseApi.java:54)
org.coocox.codb.client.core.api.impl.StatApiImpl.menuToolbarStat(StatApiImpl.java:85)
org.coocox.codb.client.core.task.StatisticsHandler$StatHandler.run(StatisticsHandler.java:78)
java.util.concurrent.ThreadPoolExecutor$Worker.runTask(Unknown Source)
java.util.concurrent.ThreadPoolExecutor$Worker.run(Unknown Source)
java.lang.Thread.run(Unknown Source)


14:33:14.010 [pool-1-thread-2] ERROR org.coocox.codb.common.log.ErrorLog - menuToolbarStat api exception!errorCode:2000
PUT API FAILED! 
org.coocox.codb.client.core.api.ClientBaseApi.putRespCheck(ClientBaseApi.java:54)
org.coocox.codb.client.core.api.impl.StatApiImpl.menuToolbarStat(StatApiImpl.java:85)
org.coocox.codb.client.core.task.StatisticsHandler$StatHandler.run(StatisticsHandler.java:78)
java.util.concurrent.ThreadPoolExecutor$Worker.runTask(Unknown Source)
java.util.concurrent.ThreadPoolExecutor$Worker.run(Unknown Source)
java.lang.Thread.run(Unknown Source)


14:35:22.821 [pool-1-thread-1] ERROR org.coocox.codb.common.log.ErrorLog - menuToolbarStat api exception!errorCode:2000
PUT API FAILED! 
org.coocox.codb.client.core.api.ClientBaseApi.putRespCheck(ClientBaseApi.java:54)
org.coocox.codb.client.core.api.impl.StatApiImpl.menuToolbarStat(StatApiImpl.java:85)
org.coocox.codb.client.core.task.StatisticsHandler$StatHandler.run(StatisticsHandler.java:78)
java.util.concurrent.ThreadPoolExecutor$Worker.runTask(Unknown Source)
java.util.concurrent.ThreadPoolExecutor$Worker.run(Unknown Source)
java.lang.Thread.run(Unknown Source)


14:35:30.262 [pool-1-thread-2] ERROR org.coocox.codb.common.log.ErrorLog - menuToolbarStat api exception!errorCode:2000
PUT API FAILED! 
org.coocox.codb.client.core.api.ClientBaseApi.putRespCheck(ClientBaseApi.java:54)
org.coocox.codb.client.core.api.impl.StatApiImpl.menuToolbarStat(StatApiImpl.java:85)
org.coocox.codb.client.core.task.StatisticsHandler$StatHandler.run(StatisticsHandler.java:78)
java.util.concurrent.ThreadPoolExecutor$Worker.runTask(Unknown Source)
java.util.concurrent.ThreadPoolExecutor$Worker.run(Unknown Source)
java.lang.Thread.run(Unknown Source)


14:37:02.786 [pool-1-thread-1] ERROR org.coocox.codb.common.log.ErrorLog - menuToolbarStat api exception!errorCode:2000
PUT API FAILED! 
org.coocox.codb.client.core.api.ClientBaseApi.putRespCheck(ClientBaseApi.java:54)
org.coocox.codb.client.core.api.impl.StatApiImpl.menuToolbarStat(StatApiImpl.java:85)
org.coocox.codb.client.core.task.StatisticsHandler$StatHandler.run(StatisticsHandler.java:78)
java.util.concurrent.ThreadPoolExecutor$Worker.runTask(Unknown Source)
java.util.concurrent.ThreadPoolExecutor$Worker.run(Unknown Source)
java.lang.Thread.run(Unknown Source)


14:37:07.575 [pool-1-thread-2] ERROR org.coocox.codb.common.log.ErrorLog - menuToolbarStat api exception!errorCode:2000
PUT API FAILED! 
org.coocox.codb.client.core.api.ClientBaseApi.putRespCheck(ClientBaseApi.java:54)
org.coocox.codb.client.core.api.impl.StatApiImpl.menuToolbarStat(StatApiImpl.java:85)
org.coocox.codb.client.core.task.StatisticsHandler$StatHandler.run(StatisticsHandler.java:78)
java.util.concurrent.ThreadPoolExecutor$Worker.runTask(Unknown Source)
java.util.concurrent.ThreadPoolExecutor$Worker.run(Unknown Source)
java.lang.Thread.run(Unknown Source)


14:40:19.075 [pool-1-thread-1] ERROR org.coocox.codb.common.log.ErrorLog - menuToolbarStat api exception!errorCode:2000
PUT API FAILED! 
org.coocox.codb.client.core.api.ClientBaseApi.putRespCheck(ClientBaseApi.java:54)
org.coocox.codb.client.core.api.impl.StatApiImpl.menuToolbarStat(StatApiImpl.java:85)
org.coocox.codb.client.core.task.StatisticsHandler$StatHandler.run(StatisticsHandler.java:78)
java.util.concurrent.ThreadPoolExecutor$Worker.runTask(Unknown Source)
java.util.concurrent.ThreadPoolExecutor$Worker.run(Unknown Source)
java.lang.Thread.run(Unknown Source)


14:40:41.633 [pool-1-thread-2] ERROR org.coocox.codb.common.log.ErrorLog - menuToolbarStat api exception!errorCode:2000
PUT API FAILED! 
org.coocox.codb.client.core.api.ClientBaseApi.putRespCheck(ClientBaseApi.java:54)
org.coocox.codb.client.core.api.impl.StatApiImpl.menuToolbarStat(StatApiImpl.java:85)
org.coocox.codb.client.core.task.StatisticsHandler$StatHandler.run(StatisticsHandler.java:78)
java.util.concurrent.ThreadPoolExecutor$Worker.runTask(Unknown Source)
java.util.concurrent.ThreadPoolExecutor$Worker.run(Unknown Source)
java.lang.Thread.run(Unknown Source)


14:40:54.287 [pool-1-thread-1] ERROR org.coocox.codb.common.log.ErrorLog - menuToolbarStat api exception!errorCode:2000
PUT API FAILED! 
org.coocox.codb.client.core.api.ClientBaseApi.putRespCheck(ClientBaseApi.java:54)
org.coocox.codb.client.core.api.impl.StatApiImpl.menuToolbarStat(StatApiImpl.java:85)
org.coocox.codb.client.core.task.StatisticsHandler$StatHandler.run(StatisticsHandler.java:78)
java.util.concurrent.ThreadPoolExecutor$Worker.runTask(Unknown Source)
java.util.concurrent.ThreadPoolExecutor$Worker.run(Unknown Source)
java.lang.Thread.run(Unknown Source)


14:40:55.410 [pool-1-thread-2] ERROR org.coocox.codb.common.log.ErrorLog - menuToolbarStat api exception!errorCode:2000
PUT API FAILED! 
org.coocox.codb.client.core.api.ClientBaseApi.putRespCheck(ClientBaseApi.java:54)
org.coocox.codb.client.core.api.impl.StatApiImpl.menuToolbarStat(StatApiImpl.java:85)
org.coocox.codb.client.core.task.StatisticsHandler$StatHandler.run(StatisticsHandler.java:78)
java.util.concurrent.ThreadPoolExecutor$Worker.runTask(Unknown Source)
java.util.concurrent.ThreadPoolExecutor$Worker.run(Unknown Source)
java.lang.Thread.run(Unknown Source)


14:40:56.034 [pool-1-thread-1] ERROR org.coocox.codb.common.log.ErrorLog - menuToolbarStat api exception!errorCode:2000
PUT API FAILED! 
org.coocox.codb.client.core.api.ClientBaseApi.putRespCheck(ClientBaseApi.java:54)
org.coocox.codb.client.core.api.impl.StatApiImpl.menuToolbarStat(StatApiImpl.java:85)
org.coocox.codb.client.core.task.StatisticsHandler$StatHandler.run(StatisticsHandler.java:78)
java.util.concurrent.ThreadPoolExecutor$Worker.runTask(Unknown Source)
java.util.concurrent.ThreadPoolExecutor$Worker.run(Unknown Source)
java.lang.Thread.run(Unknown Source)


14:40:56.362 [pool-1-thread-2] ERROR org.coocox.codb.common.log.ErrorLog - menuToolbarStat api exception!errorCode:2000
PUT API FAILED! 
org.coocox.codb.client.core.api.ClientBaseApi.putRespCheck(ClientBaseApi.java:54)
org.coocox.codb.client.core.api.impl.StatApiImpl.menuToolbarStat(StatApiImpl.java:85)
org.coocox.codb.client.core.task.StatisticsHandler$StatHandler.run(StatisticsHandler.java:78)
java.util.concurrent.ThreadPoolExecutor$Worker.runTask(Unknown Source)
java.util.concurrent.ThreadPoolExecutor$Worker.run(Unknown Source)
java.lang.Thread.run(Unknown Source)


14:40:56.643 [pool-1-thread-1] ERROR org.coocox.codb.common.log.ErrorLog - menuToolbarStat api exception!errorCode:2000
PUT API FAILED! 
org.coocox.codb.client.core.api.ClientBaseApi.putRespCheck(ClientBaseApi.java:54)
org.coocox.codb.client.core.api.impl.StatApiImpl.menuToolbarStat(StatApiImpl.java:85)
org.coocox.codb.client.core.task.StatisticsHandler$StatHandler.run(StatisticsHandler.java:78)
java.util.concurrent.ThreadPoolExecutor$Worker.runTask(Unknown Source)
java.util.concurrent.ThreadPoolExecutor$Worker.run(Unknown Source)
java.lang.Thread.run(Unknown Source)


14:40:56.814 [pool-1-thread-2] ERROR org.coocox.codb.common.log.ErrorLog - menuToolbarStat api exception!errorCode:2000
PUT API FAILED! 
org.coocox.codb.client.core.api.ClientBaseApi.putRespCheck(ClientBaseApi.java:54)
org.coocox.codb.client.core.api.impl.StatApiImpl.menuToolbarStat(StatApiImpl.java:85)
org.coocox.codb.client.core.task.StatisticsHandler$StatHandler.run(StatisticsHandler.java:78)
java.util.concurrent.ThreadPoolExecutor$Worker.runTask(Unknown Source)
java.util.concurrent.ThreadPoolExecutor$Worker.run(Unknown Source)
java.lang.Thread.run(Unknown Source)


14:40:57.142 [pool-1-thread-1] ERROR org.coocox.codb.common.log.ErrorLog - menuToolbarStat api exception!errorCode:2000
PUT API FAILED! 
org.coocox.codb.client.core.api.ClientBaseApi.putRespCheck(ClientBaseApi.java:54)
org.coocox.codb.client.core.api.impl.StatApiImpl.menuToolbarStat(StatApiImpl.java:85)
org.coocox.codb.client.core.task.StatisticsHandler$StatHandler.run(StatisticsHandler.java:78)
java.util.concurrent.ThreadPoolExecutor$Worker.runTask(Unknown Source)
java.util.concurrent.ThreadPoolExecutor$Worker.run(Unknown Source)
java.lang.Thread.run(Unknown Source)


14:40:57.470 [pool-1-thread-2] ERROR org.coocox.codb.common.log.ErrorLog - menuToolbarStat api exception!errorCode:2000
PUT API FAILED! 
org.coocox.codb.client.core.api.ClientBaseApi.putRespCheck(ClientBaseApi.java:54)
org.coocox.codb.client.core.api.impl.StatApiImpl.menuToolbarStat(StatApiImpl.java:85)
org.coocox.codb.client.core.task.StatisticsHandler$StatHandler.run(StatisticsHandler.java:78)
java.util.concurrent.ThreadPoolExecutor$Worker.runTask(Unknown Source)
java.util.concurrent.ThreadPoolExecutor$Worker.run(Unknown Source)
java.lang.Thread.run(Unknown Source)


14:40:57.657 [pool-1-thread-1] ERROR org.coocox.codb.common.log.ErrorLog - menuToolbarStat api exception!errorCode:2000
PUT API FAILED! 
org.coocox.codb.client.core.api.ClientBaseApi.putRespCheck(ClientBaseApi.java:54)
org.coocox.codb.client.core.api.impl.StatApiImpl.menuToolbarStat(StatApiImpl.java:85)
org.coocox.codb.client.core.task.StatisticsHandler$StatHandler.run(StatisticsHandler.java:78)
java.util.concurrent.ThreadPoolExecutor$Worker.runTask(Unknown Source)
java.util.concurrent.ThreadPoolExecutor$Worker.run(Unknown Source)
java.lang.Thread.run(Unknown Source)


14:40:58.031 [pool-1-thread-2] ERROR org.coocox.codb.common.log.ErrorLog - menuToolbarStat api exception!errorCode:2000
PUT API FAILED! 
org.coocox.codb.client.core.api.ClientBaseApi.putRespCheck(ClientBaseApi.java:54)
org.coocox.codb.client.core.api.impl.StatApiImpl.menuToolbarStat(StatApiImpl.java:85)
org.coocox.codb.client.core.task.StatisticsHandler$StatHandler.run(StatisticsHandler.java:78)
java.util.concurrent.ThreadPoolExecutor$Worker.runTask(Unknown Source)
java.util.concurrent.ThreadPoolExecutor$Worker.run(Unknown Source)
java.lang.Thread.run(Unknown Source)


14:40:58.452 [pool-1-thread-1] ERROR org.coocox.codb.common.log.ErrorLog - menuToolbarStat api exception!errorCode:2000
PUT API FAILED! 
org.coocox.codb.client.core.api.ClientBaseApi.putRespCheck(ClientBaseApi.java:54)
org.coocox.codb.client.core.api.impl.StatApiImpl.menuToolbarStat(StatApiImpl.java:85)
org.coocox.codb.client.core.task.StatisticsHandler$StatHandler.run(StatisticsHandler.java:78)
java.util.concurrent.ThreadPoolExecutor$Worker.runTask(Unknown Source)
java.util.concurrent.ThreadPoolExecutor$Worker.run(Unknown Source)
java.lang.Thread.run(Unknown Source)


14:40:58.874 [pool-1-thread-2] ERROR org.coocox.codb.common.log.ErrorLog - menuToolbarStat api exception!errorCode:2000
PUT API FAILED! 
org.coocox.codb.client.core.api.ClientBaseApi.putRespCheck(ClientBaseApi.java:54)
org.coocox.codb.client.core.api.impl.StatApiImpl.menuToolbarStat(StatApiImpl.java:85)
org.coocox.codb.client.core.task.StatisticsHandler$StatHandler.run(StatisticsHandler.java:78)
java.util.concurrent.ThreadPoolExecutor$Worker.runTask(Unknown Source)
java.util.concurrent.ThreadPoolExecutor$Worker.run(Unknown Source)
java.lang.Thread.run(Unknown Source)


14:40:59.061 [pool-1-thread-1] ERROR org.coocox.codb.common.log.ErrorLog - menuToolbarStat api exception!errorCode:2000
PUT API FAILED! 
org.coocox.codb.client.core.api.ClientBaseApi.putRespCheck(ClientBaseApi.java:54)
org.coocox.codb.client.core.api.impl.StatApiImpl.menuToolbarStat(StatApiImpl.java:85)
org.coocox.codb.client.core.task.StatisticsHandler$StatHandler.run(StatisticsHandler.java:78)
java.util.concurrent.ThreadPoolExecutor$Worker.runTask(Unknown Source)
java.util.concurrent.ThreadPoolExecutor$Worker.run(Unknown Source)
java.lang.Thread.run(Unknown Source)


14:40:59.420 [pool-1-thread-2] ERROR org.coocox.codb.common.log.ErrorLog - menuToolbarStat api exception!errorCode:2000
PUT API FAILED! 
org.coocox.codb.client.core.api.ClientBaseApi.putRespCheck(ClientBaseApi.java:54)
org.coocox.codb.client.core.api.impl.StatApiImpl.menuToolbarStat(StatApiImpl.java:85)
org.coocox.codb.client.core.task.StatisticsHandler$StatHandler.run(StatisticsHandler.java:78)
java.util.concurrent.ThreadPoolExecutor$Worker.runTask(Unknown Source)
java.util.concurrent.ThreadPoolExecutor$Worker.run(Unknown Source)
java.lang.Thread.run(Unknown Source)


14:41:00.168 [pool-1-thread-1] ERROR org.coocox.codb.common.log.ErrorLog - menuToolbarStat api exception!errorCode:2000
PUT API FAILED! 
org.coocox.codb.client.core.api.ClientBaseApi.putRespCheck(ClientBaseApi.java:54)
org.coocox.codb.client.core.api.impl.StatApiImpl.menuToolbarStat(StatApiImpl.java:85)
org.coocox.codb.client.core.task.StatisticsHandler$StatHandler.run(StatisticsHandler.java:78)
java.util.concurrent.ThreadPoolExecutor$Worker.runTask(Unknown Source)
java.util.concurrent.ThreadPoolExecutor$Worker.run(Unknown Source)
java.lang.Thread.run(Unknown Source)


14:41:01.026 [pool-1-thread-2] ERROR org.coocox.codb.common.log.ErrorLog - menuToolbarStat api exception!errorCode:2000
PUT API FAILED! 
org.coocox.codb.client.core.api.ClientBaseApi.putRespCheck(ClientBaseApi.java:54)
org.coocox.codb.client.core.api.impl.StatApiImpl.menuToolbarStat(StatApiImpl.java:85)
org.coocox.codb.client.core.task.StatisticsHandler$StatHandler.run(StatisticsHandler.java:78)
java.util.concurrent.ThreadPoolExecutor$Worker.runTask(Unknown Source)
java.util.concurrent.ThreadPoolExecutor$Worker.run(Unknown Source)
java.lang.Thread.run(Unknown Source)


14:41:01.697 [pool-1-thread-1] ERROR org.coocox.codb.common.log.ErrorLog - menuToolbarStat api exception!errorCode:2000
PUT API FAILED! 
org.coocox.codb.client.core.api.ClientBaseApi.putRespCheck(ClientBaseApi.java:54)
org.coocox.codb.client.core.api.impl.StatApiImpl.menuToolbarStat(StatApiImpl.java:85)
org.coocox.codb.client.core.task.StatisticsHandler$StatHandler.run(StatisticsHandler.java:78)
java.util.concurrent.ThreadPoolExecutor$Worker.runTask(Unknown Source)
java.util.concurrent.ThreadPoolExecutor$Worker.run(Unknown Source)
java.lang.Thread.run(Unknown Source)


14:41:02.087 [pool-1-thread-2] ERROR org.coocox.codb.common.log.ErrorLog - menuToolbarStat api exception!errorCode:2000
PUT API FAILED! 
org.coocox.codb.client.core.api.ClientBaseApi.putRespCheck(ClientBaseApi.java:54)
org.coocox.codb.client.core.api.impl.StatApiImpl.menuToolbarStat(StatApiImpl.java:85)
org.coocox.codb.client.core.task.StatisticsHandler$StatHandler.run(StatisticsHandler.java:78)
java.util.concurrent.ThreadPoolExecutor$Worker.runTask(Unknown Source)
java.util.concurrent.ThreadPoolExecutor$Worker.run(Unknown Source)
java.lang.Thread.run(Unknown Source)


14:41:02.493 [pool-1-thread-1] ERROR org.coocox.codb.common.log.ErrorLog - menuToolbarStat api exception!errorCode:2000
PUT API FAILED! 
org.coocox.codb.client.core.api.ClientBaseApi.putRespCheck(ClientBaseApi.java:54)
org.coocox.codb.client.core.api.impl.StatApiImpl.menuToolbarStat(StatApiImpl.java:85)
org.coocox.codb.client.core.task.StatisticsHandler$StatHandler.run(StatisticsHandler.java:78)
java.util.concurrent.ThreadPoolExecutor$Worker.runTask(Unknown Source)
java.util.concurrent.ThreadPoolExecutor$Worker.run(Unknown Source)
java.lang.Thread.run(Unknown Source)


14:41:02.867 [pool-1-thread-2] ERROR org.coocox.codb.common.log.ErrorLog - menuToolbarStat api exception!errorCode:2000
PUT API FAILED! 
org.coocox.codb.client.core.api.ClientBaseApi.putRespCheck(ClientBaseApi.java:54)
org.coocox.codb.client.core.api.impl.StatApiImpl.menuToolbarStat(StatApiImpl.java:85)
org.coocox.codb.client.core.task.StatisticsHandler$StatHandler.run(StatisticsHandler.java:78)
java.util.concurrent.ThreadPoolExecutor$Worker.runTask(Unknown Source)
java.util.concurrent.ThreadPoolExecutor$Worker.run(Unknown Source)
java.lang.Thread.run(Unknown Source)


14:41:03.132 [pool-1-thread-1] ERROR org.coocox.codb.common.log.ErrorLog - menuToolbarStat api exception!errorCode:2000
PUT API FAILED! 
org.coocox.codb.client.core.api.ClientBaseApi.putRespCheck(ClientBaseApi.java:54)
org.coocox.codb.client.core.api.impl.StatApiImpl.menuToolbarStat(StatApiImpl.java:85)
org.coocox.codb.client.core.task.StatisticsHandler$StatHandler.run(StatisticsHandler.java:78)
java.util.concurrent.ThreadPoolExecutor$Worker.runTask(Unknown Source)
java.util.concurrent.ThreadPoolExecutor$Worker.run(Unknown Source)
java.lang.Thread.run(Unknown Source)


14:41:03.538 [pool-1-thread-2] ERROR org.coocox.codb.common.log.ErrorLog - menuToolbarStat api exception!errorCode:2000
PUT API FAILED! 
org.coocox.codb.client.core.api.ClientBaseApi.putRespCheck(ClientBaseApi.java:54)
org.coocox.codb.client.core.api.impl.StatApiImpl.menuToolbarStat(StatApiImpl.java:85)
org.coocox.codb.client.core.task.StatisticsHandler$StatHandler.run(StatisticsHandler.java:78)
java.util.concurrent.ThreadPoolExecutor$Worker.runTask(Unknown Source)
java.util.concurrent.ThreadPoolExecutor$Worker.run(Unknown Source)
java.lang.Thread.run(Unknown Source)


14:41:03.944 [pool-1-thread-1] ERROR org.coocox.codb.common.log.ErrorLog - menuToolbarStat api exception!errorCode:2000
PUT API FAILED! 
org.coocox.codb.client.core.api.ClientBaseApi.putRespCheck(ClientBaseApi.java:54)
org.coocox.codb.client.core.api.impl.StatApiImpl.menuToolbarStat(StatApiImpl.java:85)
org.coocox.codb.client.core.task.StatisticsHandler$StatHandler.run(StatisticsHandler.java:78)
java.util.concurrent.ThreadPoolExecutor$Worker.runTask(Unknown Source)
java.util.concurrent.ThreadPoolExecutor$Worker.run(Unknown Source)
java.lang.Thread.run(Unknown Source)


14:41:04.271 [pool-1-thread-2] ERROR org.coocox.codb.common.log.ErrorLog - menuToolbarStat api exception!errorCode:2000
PUT API FAILED! 
org.coocox.codb.client.core.api.ClientBaseApi.putRespCheck(ClientBaseApi.java:54)
org.coocox.codb.client.core.api.impl.StatApiImpl.menuToolbarStat(StatApiImpl.java:85)
org.coocox.codb.client.core.task.StatisticsHandler$StatHandler.run(StatisticsHandler.java:78)
java.util.concurrent.ThreadPoolExecutor$Worker.runTask(Unknown Source)
java.util.concurrent.ThreadPoolExecutor$Worker.run(Unknown Source)
java.lang.Thread.run(Unknown Source)


14:41:04.989 [pool-1-thread-1] ERROR org.coocox.codb.common.log.ErrorLog - menuToolbarStat api exception!errorCode:2000
PUT API FAILED! 
org.coocox.codb.client.core.api.ClientBaseApi.putRespCheck(ClientBaseApi.java:54)
org.coocox.codb.client.core.api.impl.StatApiImpl.menuToolbarStat(StatApiImpl.java:85)
org.coocox.codb.client.core.task.StatisticsHandler$StatHandler.run(StatisticsHandler.java:78)
java.util.concurrent.ThreadPoolExecutor$Worker.runTask(Unknown Source)
java.util.concurrent.ThreadPoolExecutor$Worker.run(Unknown Source)
java.lang.Thread.run(Unknown Source)


14:41:06.424 [pool-1-thread-2] ERROR org.coocox.codb.common.log.ErrorLog - menuToolbarStat api exception!errorCode:2000
PUT API FAILED! 
org.coocox.codb.client.core.api.ClientBaseApi.putRespCheck(ClientBaseApi.java:54)
org.coocox.codb.client.core.api.impl.StatApiImpl.menuToolbarStat(StatApiImpl.java:85)
org.coocox.codb.client.core.task.StatisticsHandler$StatHandler.run(StatisticsHandler.java:78)
java.util.concurrent.ThreadPoolExecutor$Worker.runTask(Unknown Source)
java.util.concurrent.ThreadPoolExecutor$Worker.run(Unknown Source)
java.lang.Thread.run(Unknown Source)


14:41:06.845 [pool-1-thread-1] ERROR org.coocox.codb.common.log.ErrorLog - menuToolbarStat api exception!errorCode:2000
PUT API FAILED! 
org.coocox.codb.client.core.api.ClientBaseApi.putRespCheck(ClientBaseApi.java:54)
org.coocox.codb.client.core.api.impl.StatApiImpl.menuToolbarStat(StatApiImpl.java:85)
org.coocox.codb.client.core.task.StatisticsHandler$StatHandler.run(StatisticsHandler.java:78)
java.util.concurrent.ThreadPoolExecutor$Worker.runTask(Unknown Source)
java.util.concurrent.ThreadPoolExecutor$Worker.run(Unknown Source)
java.lang.Thread.run(Unknown Source)


14:41:08.046 [pool-1-thread-2] ERROR org.coocox.codb.common.log.ErrorLog - menuToolbarStat api exception!errorCode:2000
PUT API FAILED! 
org.coocox.codb.client.core.api.ClientBaseApi.putRespCheck(ClientBaseApi.java:54)
org.coocox.codb.client.core.api.impl.StatApiImpl.menuToolbarStat(StatApiImpl.java:85)
org.coocox.codb.client.core.task.StatisticsHandler$StatHandler.run(StatisticsHandler.java:78)
java.util.concurrent.ThreadPoolExecutor$Worker.runTask(Unknown Source)
java.util.concurrent.ThreadPoolExecutor$Worker.run(Unknown Source)
java.lang.Thread.run(Unknown Source)


14:41:13.928 [pool-1-thread-1] ERROR org.coocox.codb.common.log.ErrorLog - menuToolbarStat api exception!errorCode:2000
PUT API FAILED! 
org.coocox.codb.client.core.api.ClientBaseApi.putRespCheck(ClientBaseApi.java:54)
org.coocox.codb.client.core.api.impl.StatApiImpl.menuToolbarStat(StatApiImpl.java:85)
org.coocox.codb.client.core.task.StatisticsHandler$StatHandler.run(StatisticsHandler.java:78)
java.util.concurrent.ThreadPoolExecutor$Worker.runTask(Unknown Source)
java.util.concurrent.ThreadPoolExecutor$Worker.run(Unknown Source)
java.lang.Thread.run(Unknown Source)


14:41:15.815 [pool-1-thread-2] ERROR org.coocox.codb.common.log.ErrorLog - menuToolbarStat api exception!errorCode:2000
PUT API FAILED! 
org.coocox.codb.client.core.api.ClientBaseApi.putRespCheck(ClientBaseApi.java:54)
org.coocox.codb.client.core.api.impl.StatApiImpl.menuToolbarStat(StatApiImpl.java:85)
org.coocox.codb.client.core.task.StatisticsHandler$StatHandler.run(StatisticsHandler.java:78)
java.util.concurrent.ThreadPoolExecutor$Worker.runTask(Unknown Source)
java.util.concurrent.ThreadPoolExecutor$Worker.run(Unknown Source)
java.lang.Thread.run(Unknown Source)


14:41:16.782 [pool-1-thread-1] ERROR org.coocox.codb.common.log.ErrorLog - menuToolbarStat api exception!errorCode:2000
PUT API FAILED! 
org.coocox.codb.client.core.api.ClientBaseApi.putRespCheck(ClientBaseApi.java:54)
org.coocox.codb.client.core.api.impl.StatApiImpl.menuToolbarStat(StatApiImpl.java:85)
org.coocox.codb.client.core.task.StatisticsHandler$StatHandler.run(StatisticsHandler.java:78)
java.util.concurrent.ThreadPoolExecutor$Worker.runTask(Unknown Source)
java.util.concurrent.ThreadPoolExecutor$Worker.run(Unknown Source)
java.lang.Thread.run(Unknown Source)


14:41:17.516 [pool-1-thread-2] ERROR org.coocox.codb.common.log.ErrorLog - menuToolbarStat api exception!errorCode:2000
PUT API FAILED! 
org.coocox.codb.client.core.api.ClientBaseApi.putRespCheck(ClientBaseApi.java:54)
org.coocox.codb.client.core.api.impl.StatApiImpl.menuToolbarStat(StatApiImpl.java:85)
org.coocox.codb.client.core.task.StatisticsHandler$StatHandler.run(StatisticsHandler.java:78)
java.util.concurrent.ThreadPoolExecutor$Worker.runTask(Unknown Source)
java.util.concurrent.ThreadPoolExecutor$Worker.run(Unknown Source)
java.lang.Thread.run(Unknown Source)


14:41:18.764 [pool-1-thread-1] ERROR org.coocox.codb.common.log.ErrorLog - menuToolbarStat api exception!errorCode:2000
PUT API FAILED! 
org.coocox.codb.client.core.api.ClientBaseApi.putRespCheck(ClientBaseApi.java:54)
org.coocox.codb.client.core.api.impl.StatApiImpl.menuToolbarStat(StatApiImpl.java:85)
org.coocox.codb.client.core.task.StatisticsHandler$StatHandler.run(StatisticsHandler.java:78)
java.util.concurrent.ThreadPoolExecutor$Worker.runTask(Unknown Source)
java.util.concurrent.ThreadPoolExecutor$Worker.run(Unknown Source)
java.lang.Thread.run(Unknown Source)


14:41:28.217 [pool-1-thread-2] ERROR org.coocox.codb.common.log.ErrorLog - menuToolbarStat api exception!errorCode:2000
PUT API FAILED! 
org.coocox.codb.client.core.api.ClientBaseApi.putRespCheck(ClientBaseApi.java:54)
org.coocox.codb.client.core.api.impl.StatApiImpl.menuToolbarStat(StatApiImpl.java:85)
org.coocox.codb.client.core.task.StatisticsHandler$StatHandler.run(StatisticsHandler.java:78)
java.util.concurrent.ThreadPoolExecutor$Worker.runTask(Unknown Source)
java.util.concurrent.ThreadPoolExecutor$Worker.run(Unknown Source)
java.lang.Thread.run(Unknown Source)


14:41:30.277 [pool-1-thread-1] ERROR org.coocox.codb.common.log.ErrorLog - menuToolbarStat api exception!errorCode:2000
PUT API FAILED! 
org.coocox.codb.client.core.api.ClientBaseApi.putRespCheck(ClientBaseApi.java:54)
org.coocox.codb.client.core.api.impl.StatApiImpl.menuToolbarStat(StatApiImpl.java:85)
org.coocox.codb.client.core.task.StatisticsHandler$StatHandler.run(StatisticsHandler.java:78)
java.util.concurrent.ThreadPoolExecutor$Worker.runTask(Unknown Source)
java.util.concurrent.ThreadPoolExecutor$Worker.run(Unknown Source)
java.lang.Thread.run(Unknown Source)


14:41:31.259 [pool-1-thread-2] ERROR org.coocox.codb.common.log.ErrorLog - menuToolbarStat api exception!errorCode:2000
PUT API FAILED! 
org.coocox.codb.client.core.api.ClientBaseApi.putRespCheck(ClientBaseApi.java:54)
org.coocox.codb.client.core.api.impl.StatApiImpl.menuToolbarStat(StatApiImpl.java:85)
org.coocox.codb.client.core.task.StatisticsHandler$StatHandler.run(StatisticsHandler.java:78)
java.util.concurrent.ThreadPoolExecutor$Worker.runTask(Unknown Source)
java.util.concurrent.ThreadPoolExecutor$Worker.run(Unknown Source)
java.lang.Thread.run(Unknown Source)


14:41:32.336 [pool-1-thread-1] ERROR org.coocox.codb.common.log.ErrorLog - menuToolbarStat api exception!errorCode:2000
PUT API FAILED! 
org.coocox.codb.client.core.api.ClientBaseApi.putRespCheck(ClientBaseApi.java:54)
org.coocox.codb.client.core.api.impl.StatApiImpl.menuToolbarStat(StatApiImpl.java:85)
org.coocox.codb.client.core.task.StatisticsHandler$StatHandler.run(StatisticsHandler.java:78)
java.util.concurrent.ThreadPoolExecutor$Worker.runTask(Unknown Source)
java.util.concurrent.ThreadPoolExecutor$Worker.run(Unknown Source)
java.lang.Thread.run(Unknown Source)


14:41:33.693 [pool-1-thread-2] ERROR org.coocox.codb.common.log.ErrorLog - menuToolbarStat api exception!errorCode:2000
PUT API FAILED! 
org.coocox.codb.client.core.api.ClientBaseApi.putRespCheck(ClientBaseApi.java:54)
org.coocox.codb.client.core.api.impl.StatApiImpl.menuToolbarStat(StatApiImpl.java:85)
org.coocox.codb.client.core.task.StatisticsHandler$StatHandler.run(StatisticsHandler.java:78)
java.util.concurrent.ThreadPoolExecutor$Worker.runTask(Unknown Source)
java.util.concurrent.ThreadPoolExecutor$Worker.run(Unknown Source)
java.lang.Thread.run(Unknown Source)


14:41:34.457 [pool-1-thread-1] ERROR org.coocox.codb.common.log.ErrorLog - menuToolbarStat api exception!errorCode:2000
PUT API FAILED! 
org.coocox.codb.client.core.api.ClientBaseApi.putRespCheck(ClientBaseApi.java:54)
org.coocox.codb.client.core.api.impl.StatApiImpl.menuToolbarStat(StatApiImpl.java:85)
org.coocox.codb.client.core.task.StatisticsHandler$StatHandler.run(StatisticsHandler.java:78)
java.util.concurrent.ThreadPoolExecutor$Worker.runTask(Unknown Source)
java.util.concurrent.ThreadPoolExecutor$Worker.run(Unknown Source)
java.lang.Thread.run(Unknown Source)


14:41:34.894 [pool-1-thread-2] ERROR org.coocox.codb.common.log.ErrorLog - menuToolbarStat api exception!errorCode:2000
PUT API FAILED! 
org.coocox.codb.client.core.api.ClientBaseApi.putRespCheck(ClientBaseApi.java:54)
org.coocox.codb.client.core.api.impl.StatApiImpl.menuToolbarStat(StatApiImpl.java:85)
org.coocox.codb.client.core.task.StatisticsHandler$StatHandler.run(StatisticsHandler.java:78)
java.util.concurrent.ThreadPoolExecutor$Worker.runTask(Unknown Source)
java.util.concurrent.ThreadPoolExecutor$Worker.run(Unknown Source)
java.lang.Thread.run(Unknown Source)


14:41:36.205 [pool-1-thread-1] ERROR org.coocox.codb.common.log.ErrorLog - menuToolbarStat api exception!errorCode:2000
PUT API FAILED! 
org.coocox.codb.client.core.api.ClientBaseApi.putRespCheck(ClientBaseApi.java:54)
org.coocox.codb.client.core.api.impl.StatApiImpl.menuToolbarStat(StatApiImpl.java:85)
org.coocox.codb.client.core.task.StatisticsHandler$StatHandler.run(StatisticsHandler.java:78)
java.util.concurrent.ThreadPoolExecutor$Worker.runTask(Unknown Source)
java.util.concurrent.ThreadPoolExecutor$Worker.run(Unknown Source)
java.lang.Thread.run(Unknown Source)


14:42:05.033 [pool-1-thread-2] ERROR org.coocox.codb.common.log.ErrorLog - menuToolbarStat api exception!errorCode:2000
PUT API FAILED! 
org.coocox.codb.client.core.api.ClientBaseApi.putRespCheck(ClientBaseApi.java:54)
org.coocox.codb.client.core.api.impl.StatApiImpl.menuToolbarStat(StatApiImpl.java:85)
org.coocox.codb.client.core.task.StatisticsHandler$StatHandler.run(StatisticsHandler.java:78)
java.util.concurrent.ThreadPoolExecutor$Worker.runTask(Unknown Source)
java.util.concurrent.ThreadPoolExecutor$Worker.run(Unknown Source)
java.lang.Thread.run(Unknown Source)


14:42:06.157 [pool-1-thread-1] ERROR org.coocox.codb.common.log.ErrorLog - menuToolbarStat api exception!errorCode:2000
PUT API FAILED! 
org.coocox.codb.client.core.api.ClientBaseApi.putRespCheck(ClientBaseApi.java:54)
org.coocox.codb.client.core.api.impl.StatApiImpl.menuToolbarStat(StatApiImpl.java:85)
org.coocox.codb.client.core.task.StatisticsHandler$StatHandler.run(StatisticsHandler.java:78)
java.util.concurrent.ThreadPoolExecutor$Worker.runTask(Unknown Source)
java.util.concurrent.ThreadPoolExecutor$Worker.run(Unknown Source)
java.lang.Thread.run(Unknown Source)


14:42:06.749 [pool-1-thread-2] ERROR org.coocox.codb.common.log.ErrorLog - menuToolbarStat api exception!errorCode:2000
PUT API FAILED! 
org.coocox.codb.client.core.api.ClientBaseApi.putRespCheck(ClientBaseApi.java:54)
org.coocox.codb.client.core.api.impl.StatApiImpl.menuToolbarStat(StatApiImpl.java:85)
org.coocox.codb.client.core.task.StatisticsHandler$StatHandler.run(StatisticsHandler.java:78)
java.util.concurrent.ThreadPoolExecutor$Worker.runTask(Unknown Source)
java.util.concurrent.ThreadPoolExecutor$Worker.run(Unknown Source)
java.lang.Thread.run(Unknown Source)


14:42:07.654 [pool-1-thread-1] ERROR org.coocox.codb.common.log.ErrorLog - menuToolbarStat api exception!errorCode:2000
PUT API FAILED! 
org.coocox.codb.client.core.api.ClientBaseApi.putRespCheck(ClientBaseApi.java:54)
org.coocox.codb.client.core.api.impl.StatApiImpl.menuToolbarStat(StatApiImpl.java:85)
org.coocox.codb.client.core.task.StatisticsHandler$StatHandler.run(StatisticsHandler.java:78)
java.util.concurrent.ThreadPoolExecutor$Worker.runTask(Unknown Source)
java.util.concurrent.ThreadPoolExecutor$Worker.run(Unknown Source)
java.lang.Thread.run(Unknown Source)


14:42:13.520 [pool-1-thread-2] ERROR org.coocox.codb.common.log.ErrorLog - menuToolbarStat api exception!errorCode:2000
PUT API FAILED! 
org.coocox.codb.client.core.api.ClientBaseApi.putRespCheck(ClientBaseApi.java:54)
org.coocox.codb.client.core.api.impl.StatApiImpl.menuToolbarStat(StatApiImpl.java:85)
org.coocox.codb.client.core.task.StatisticsHandler$StatHandler.run(StatisticsHandler.java:78)
java.util.concurrent.ThreadPoolExecutor$Worker.runTask(Unknown Source)
java.util.concurrent.ThreadPoolExecutor$Worker.run(Unknown Source)
java.lang.Thread.run(Unknown Source)


14:42:14.896 [pool-1-thread-1] ERROR org.coocox.codb.common.log.ErrorLog - menuToolbarStat api exception!errorCode:2000
PUT API FAILED! 
org.coocox.codb.client.core.api.ClientBaseApi.putRespCheck(ClientBaseApi.java:54)
org.coocox.codb.client.core.api.impl.StatApiImpl.menuToolbarStat(StatApiImpl.java:85)
org.coocox.codb.client.core.task.StatisticsHandler$StatHandler.run(StatisticsHandler.java:78)
java.util.concurrent.ThreadPoolExecutor$Worker.runTask(Unknown Source)
java.util.concurrent.ThreadPoolExecutor$Worker.run(Unknown Source)
java.lang.Thread.run(Unknown Source)


14:42:19.466 [pool-1-thread-2] ERROR org.coocox.codb.common.log.ErrorLog - menuToolbarStat api exception!errorCode:2000
PUT API FAILED! 
org.coocox.codb.client.core.api.ClientBaseApi.putRespCheck(ClientBaseApi.java:54)
org.coocox.codb.client.core.api.impl.StatApiImpl.menuToolbarStat(StatApiImpl.java:85)
org.coocox.codb.client.core.task.StatisticsHandler$StatHandler.run(StatisticsHandler.java:78)
java.util.concurrent.ThreadPoolExecutor$Worker.runTask(Unknown Source)
java.util.concurrent.ThreadPoolExecutor$Worker.run(Unknown Source)
java.lang.Thread.run(Unknown Source)


14:44:49.523 [pool-1-thread-1] ERROR org.coocox.codb.common.log.ErrorLog - menuToolbarStat api exception!errorCode:2000
PUT API FAILED! 
org.coocox.codb.client.core.api.ClientBaseApi.putRespCheck(ClientBaseApi.java:54)
org.coocox.codb.client.core.api.impl.StatApiImpl.menuToolbarStat(StatApiImpl.java:85)
org.coocox.codb.client.core.task.StatisticsHandler$StatHandler.run(StatisticsHandler.java:78)
java.util.concurrent.ThreadPoolExecutor$Worker.runTask(Unknown Source)
java.util.concurrent.ThreadPoolExecutor$Worker.run(Unknown Source)
java.lang.Thread.run(Unknown Source)


14:45:00.494 [pool-1-thread-2] ERROR org.coocox.codb.common.log.ErrorLog - menuToolbarStat api exception!errorCode:2000
PUT API FAILED! 
org.coocox.codb.client.core.api.ClientBaseApi.putRespCheck(ClientBaseApi.java:54)
org.coocox.codb.client.core.api.impl.StatApiImpl.menuToolbarStat(StatApiImpl.java:85)
org.coocox.codb.client.core.task.StatisticsHandler$StatHandler.run(StatisticsHandler.java:78)
java.util.concurrent.ThreadPoolExecutor$Worker.runTask(Unknown Source)
java.util.concurrent.ThreadPoolExecutor$Worker.run(Unknown Source)
java.lang.Thread.run(Unknown Source)


14:45:01.399 [pool-1-thread-1] ERROR org.coocox.codb.common.log.ErrorLog - menuToolbarStat api exception!errorCode:2000
PUT API FAILED! 
org.coocox.codb.client.core.api.ClientBaseApi.putRespCheck(ClientBaseApi.java:54)
org.coocox.codb.client.core.api.impl.StatApiImpl.menuToolbarStat(StatApiImpl.java:85)
org.coocox.codb.client.core.task.StatisticsHandler$StatHandler.run(StatisticsHandler.java:78)
java.util.concurrent.ThreadPoolExecutor$Worker.runTask(Unknown Source)
java.util.concurrent.ThreadPoolExecutor$Worker.run(Unknown Source)
java.lang.Thread.run(Unknown Source)


14:45:01.695 [pool-1-thread-2] ERROR org.coocox.codb.common.log.ErrorLog - menuToolbarStat api exception!errorCode:2000
PUT API FAILED! 
org.coocox.codb.client.core.api.ClientBaseApi.putRespCheck(ClientBaseApi.java:54)
org.coocox.codb.client.core.api.impl.StatApiImpl.menuToolbarStat(StatApiImpl.java:85)
org.coocox.codb.client.core.task.StatisticsHandler$StatHandler.run(StatisticsHandler.java:78)
java.util.concurrent.ThreadPoolExecutor$Worker.runTask(Unknown Source)
java.util.concurrent.ThreadPoolExecutor$Worker.run(Unknown Source)
java.lang.Thread.run(Unknown Source)


14:45:02.007 [pool-1-thread-1] ERROR org.coocox.codb.common.log.ErrorLog - menuToolbarStat api exception!errorCode:2000
PUT API FAILED! 
org.coocox.codb.client.core.api.ClientBaseApi.putRespCheck(ClientBaseApi.java:54)
org.coocox.codb.client.core.api.impl.StatApiImpl.menuToolbarStat(StatApiImpl.java:85)
org.coocox.codb.client.core.task.StatisticsHandler$StatHandler.run(StatisticsHandler.java:78)
java.util.concurrent.ThreadPoolExecutor$Worker.runTask(Unknown Source)
java.util.concurrent.ThreadPoolExecutor$Worker.run(Unknown Source)
java.lang.Thread.run(Unknown Source)


14:45:02.179 [pool-1-thread-2] ERROR org.coocox.codb.common.log.ErrorLog - menuToolbarStat api exception!errorCode:2000
PUT API FAILED! 
org.coocox.codb.client.core.api.ClientBaseApi.putRespCheck(ClientBaseApi.java:54)
org.coocox.codb.client.core.api.impl.StatApiImpl.menuToolbarStat(StatApiImpl.java:85)
org.coocox.codb.client.core.task.StatisticsHandler$StatHandler.run(StatisticsHandler.java:78)
java.util.concurrent.ThreadPoolExecutor$Worker.runTask(Unknown Source)
java.util.concurrent.ThreadPoolExecutor$Worker.run(Unknown Source)
java.lang.Thread.run(Unknown Source)


14:45:02.350 [pool-1-thread-1] ERROR org.coocox.codb.common.log.ErrorLog - menuToolbarStat api exception!errorCode:2000
PUT API FAILED! 
org.coocox.codb.client.core.api.ClientBaseApi.putRespCheck(ClientBaseApi.java:54)
org.coocox.codb.client.core.api.impl.StatApiImpl.menuToolbarStat(StatApiImpl.java:85)
org.coocox.codb.client.core.task.StatisticsHandler$StatHandler.run(StatisticsHandler.java:78)
java.util.concurrent.ThreadPoolExecutor$Worker.runTask(Unknown Source)
java.util.concurrent.ThreadPoolExecutor$Worker.run(Unknown Source)
java.lang.Thread.run(Unknown Source)


14:45:02.693 [pool-1-thread-2] ERROR org.coocox.codb.common.log.ErrorLog - menuToolbarStat api exception!errorCode:2000
PUT API FAILED! 
org.coocox.codb.client.core.api.ClientBaseApi.putRespCheck(ClientBaseApi.java:54)
org.coocox.codb.client.core.api.impl.StatApiImpl.menuToolbarStat(StatApiImpl.java:85)
org.coocox.codb.client.core.task.StatisticsHandler$StatHandler.run(StatisticsHandler.java:78)
java.util.concurrent.ThreadPoolExecutor$Worker.runTask(Unknown Source)
java.util.concurrent.ThreadPoolExecutor$Worker.run(Unknown Source)
java.lang.Thread.run(Unknown Source)


14:45:03.037 [pool-1-thread-1] ERROR org.coocox.codb.common.log.ErrorLog - menuToolbarStat api exception!errorCode:2000
PUT API FAILED! 
org.coocox.codb.client.core.api.ClientBaseApi.putRespCheck(ClientBaseApi.java:54)
org.coocox.codb.client.core.api.impl.StatApiImpl.menuToolbarStat(StatApiImpl.java:85)
org.coocox.codb.client.core.task.StatisticsHandler$StatHandler.run(StatisticsHandler.java:78)
java.util.concurrent.ThreadPoolExecutor$Worker.runTask(Unknown Source)
java.util.concurrent.ThreadPoolExecutor$Worker.run(Unknown Source)
java.lang.Thread.run(Unknown Source)


14:45:03.411 [pool-1-thread-2] ERROR org.coocox.codb.common.log.ErrorLog - menuToolbarStat api exception!errorCode:2000
PUT API FAILED! 
org.coocox.codb.client.core.api.ClientBaseApi.putRespCheck(ClientBaseApi.java:54)
org.coocox.codb.client.core.api.impl.StatApiImpl.menuToolbarStat(StatApiImpl.java:85)
org.coocox.codb.client.core.task.StatisticsHandler$StatHandler.run(StatisticsHandler.java:78)
java.util.concurrent.ThreadPoolExecutor$Worker.runTask(Unknown Source)
java.util.concurrent.ThreadPoolExecutor$Worker.run(Unknown Source)
java.lang.Thread.run(Unknown Source)


14:45:03.676 [pool-1-thread-1] ERROR org.coocox.codb.common.log.ErrorLog - menuToolbarStat api exception!errorCode:2000
PUT API FAILED! 
org.coocox.codb.client.core.api.ClientBaseApi.putRespCheck(ClientBaseApi.java:54)
org.coocox.codb.client.core.api.impl.StatApiImpl.menuToolbarStat(StatApiImpl.java:85)
org.coocox.codb.client.core.task.StatisticsHandler$StatHandler.run(StatisticsHandler.java:78)
java.util.concurrent.ThreadPoolExecutor$Worker.runTask(Unknown Source)
java.util.concurrent.ThreadPoolExecutor$Worker.run(Unknown Source)
java.lang.Thread.run(Unknown Source)


14:45:04.066 [pool-1-thread-2] ERROR org.coocox.codb.common.log.ErrorLog - menuToolbarStat api exception!errorCode:2000
PUT API FAILED! 
org.coocox.codb.client.core.api.ClientBaseApi.putRespCheck(ClientBaseApi.java:54)
org.coocox.codb.client.core.api.impl.StatApiImpl.menuToolbarStat(StatApiImpl.java:85)
org.coocox.codb.client.core.task.StatisticsHandler$StatHandler.run(StatisticsHandler.java:78)
java.util.concurrent.ThreadPoolExecutor$Worker.runTask(Unknown Source)
java.util.concurrent.ThreadPoolExecutor$Worker.run(Unknown Source)
java.lang.Thread.run(Unknown Source)


14:45:04.285 [pool-1-thread-1] ERROR org.coocox.codb.common.log.ErrorLog - menuToolbarStat api exception!errorCode:2000
PUT API FAILED! 
org.coocox.codb.client.core.api.ClientBaseApi.putRespCheck(ClientBaseApi.java:54)
org.coocox.codb.client.core.api.impl.StatApiImpl.menuToolbarStat(StatApiImpl.java:85)
org.coocox.codb.client.core.task.StatisticsHandler$StatHandler.run(StatisticsHandler.java:78)
java.util.concurrent.ThreadPoolExecutor$Worker.runTask(Unknown Source)
java.util.concurrent.ThreadPoolExecutor$Worker.run(Unknown Source)
java.lang.Thread.run(Unknown Source)


14:45:04.487 [pool-1-thread-2] ERROR org.coocox.codb.common.log.ErrorLog - menuToolbarStat api exception!errorCode:2000
PUT API FAILED! 
org.coocox.codb.client.core.api.ClientBaseApi.putRespCheck(ClientBaseApi.java:54)
org.coocox.codb.client.core.api.impl.StatApiImpl.menuToolbarStat(StatApiImpl.java:85)
org.coocox.codb.client.core.task.StatisticsHandler$StatHandler.run(StatisticsHandler.java:78)
java.util.concurrent.ThreadPoolExecutor$Worker.runTask(Unknown Source)
java.util.concurrent.ThreadPoolExecutor$Worker.run(Unknown Source)
java.lang.Thread.run(Unknown Source)


14:45:04.675 [pool-1-thread-1] ERROR org.coocox.codb.common.log.ErrorLog - menuToolbarStat api exception!errorCode:2000
PUT API FAILED! 
org.coocox.codb.client.core.api.ClientBaseApi.putRespCheck(ClientBaseApi.java:54)
org.coocox.codb.client.core.api.impl.StatApiImpl.menuToolbarStat(StatApiImpl.java:85)
org.coocox.codb.client.core.task.StatisticsHandler$StatHandler.run(StatisticsHandler.java:78)
java.util.concurrent.ThreadPoolExecutor$Worker.runTask(Unknown Source)
java.util.concurrent.ThreadPoolExecutor$Worker.run(Unknown Source)
java.lang.Thread.run(Unknown Source)


14:45:04.862 [pool-1-thread-2] ERROR org.coocox.codb.common.log.ErrorLog - menuToolbarStat api exception!errorCode:2000
PUT API FAILED! 
org.coocox.codb.client.core.api.ClientBaseApi.putRespCheck(ClientBaseApi.java:54)
org.coocox.codb.client.core.api.impl.StatApiImpl.menuToolbarStat(StatApiImpl.java:85)
org.coocox.codb.client.core.task.StatisticsHandler$StatHandler.run(StatisticsHandler.java:78)
java.util.concurrent.ThreadPoolExecutor$Worker.runTask(Unknown Source)
java.util.concurrent.ThreadPoolExecutor$Worker.run(Unknown Source)
java.lang.Thread.run(Unknown Source)


14:45:05.049 [pool-1-thread-1] ERROR org.coocox.codb.common.log.ErrorLog - menuToolbarStat api exception!errorCode:2000
PUT API FAILED! 
org.coocox.codb.client.core.api.ClientBaseApi.putRespCheck(ClientBaseApi.java:54)
org.coocox.codb.client.core.api.impl.StatApiImpl.menuToolbarStat(StatApiImpl.java:85)
org.coocox.codb.client.core.task.StatisticsHandler$StatHandler.run(StatisticsHandler.java:78)
java.util.concurrent.ThreadPoolExecutor$Worker.runTask(Unknown Source)
java.util.concurrent.ThreadPoolExecutor$Worker.run(Unknown Source)
java.lang.Thread.run(Unknown Source)


14:45:05.252 [pool-1-thread-2] ERROR org.coocox.codb.common.log.ErrorLog - menuToolbarStat api exception!errorCode:2000
PUT API FAILED! 
org.coocox.codb.client.core.api.ClientBaseApi.putRespCheck(ClientBaseApi.java:54)
org.coocox.codb.client.core.api.impl.StatApiImpl.menuToolbarStat(StatApiImpl.java:85)
org.coocox.codb.client.core.task.StatisticsHandler$StatHandler.run(StatisticsHandler.java:78)
java.util.concurrent.ThreadPoolExecutor$Worker.runTask(Unknown Source)
java.util.concurrent.ThreadPoolExecutor$Worker.run(Unknown Source)
java.lang.Thread.run(Unknown Source)


14:45:05.439 [pool-1-thread-1] ERROR org.coocox.codb.common.log.ErrorLog - menuToolbarStat api exception!errorCode:2000
PUT API FAILED! 
org.coocox.codb.client.core.api.ClientBaseApi.putRespCheck(ClientBaseApi.java:54)
org.coocox.codb.client.core.api.impl.StatApiImpl.menuToolbarStat(StatApiImpl.java:85)
org.coocox.codb.client.core.task.StatisticsHandler$StatHandler.run(StatisticsHandler.java:78)
java.util.concurrent.ThreadPoolExecutor$Worker.runTask(Unknown Source)
java.util.concurrent.ThreadPoolExecutor$Worker.run(Unknown Source)
java.lang.Thread.run(Unknown Source)


14:45:05.673 [pool-1-thread-2] ERROR org.coocox.codb.common.log.ErrorLog - menuToolbarStat api exception!errorCode:2000
PUT API FAILED! 
org.coocox.codb.client.core.api.ClientBaseApi.putRespCheck(ClientBaseApi.java:54)
org.coocox.codb.client.core.api.impl.StatApiImpl.menuToolbarStat(StatApiImpl.java:85)
org.coocox.codb.client.core.task.StatisticsHandler$StatHandler.run(StatisticsHandler.java:78)
java.util.concurrent.ThreadPoolExecutor$Worker.runTask(Unknown Source)
java.util.concurrent.ThreadPoolExecutor$Worker.run(Unknown Source)
java.lang.Thread.run(Unknown Source)


14:45:05.860 [pool-1-thread-1] ERROR org.coocox.codb.common.log.ErrorLog - menuToolbarStat api exception!errorCode:2000
PUT API FAILED! 
org.coocox.codb.client.core.api.ClientBaseApi.putRespCheck(ClientBaseApi.java:54)
org.coocox.codb.client.core.api.impl.StatApiImpl.menuToolbarStat(StatApiImpl.java:85)
org.coocox.codb.client.core.task.StatisticsHandler$StatHandler.run(StatisticsHandler.java:78)
java.util.concurrent.ThreadPoolExecutor$Worker.runTask(Unknown Source)
java.util.concurrent.ThreadPoolExecutor$Worker.run(Unknown Source)
java.lang.Thread.run(Unknown Source)


14:45:06.172 [pool-1-thread-2] ERROR org.coocox.codb.common.log.ErrorLog - menuToolbarStat api exception!errorCode:2000
PUT API FAILED! 
org.coocox.codb.client.core.api.ClientBaseApi.putRespCheck(ClientBaseApi.java:54)
org.coocox.codb.client.core.api.impl.StatApiImpl.menuToolbarStat(StatApiImpl.java:85)
org.coocox.codb.client.core.task.StatisticsHandler$StatHandler.run(StatisticsHandler.java:78)
java.util.concurrent.ThreadPoolExecutor$Worker.runTask(Unknown Source)
java.util.concurrent.ThreadPoolExecutor$Worker.run(Unknown Source)
java.lang.Thread.run(Unknown Source)


14:45:06.375 [pool-1-thread-1] ERROR org.coocox.codb.common.log.ErrorLog - menuToolbarStat api exception!errorCode:2000
PUT API FAILED! 
org.coocox.codb.client.core.api.ClientBaseApi.putRespCheck(ClientBaseApi.java:54)
org.coocox.codb.client.core.api.impl.StatApiImpl.menuToolbarStat(StatApiImpl.java:85)
org.coocox.codb.client.core.task.StatisticsHandler$StatHandler.run(StatisticsHandler.java:78)
java.util.concurrent.ThreadPoolExecutor$Worker.runTask(Unknown Source)
java.util.concurrent.ThreadPoolExecutor$Worker.run(Unknown Source)
java.lang.Thread.run(Unknown Source)


14:45:06.562 [pool-1-thread-2] ERROR org.coocox.codb.common.log.ErrorLog - menuToolbarStat api exception!errorCode:2000
PUT API FAILED! 
org.coocox.codb.client.core.api.ClientBaseApi.putRespCheck(ClientBaseApi.java:54)
org.coocox.codb.client.core.api.impl.StatApiImpl.menuToolbarStat(StatApiImpl.java:85)
org.coocox.codb.client.core.task.StatisticsHandler$StatHandler.run(StatisticsHandler.java:78)
java.util.concurrent.ThreadPoolExecutor$Worker.runTask(Unknown Source)
java.util.concurrent.ThreadPoolExecutor$Worker.run(Unknown Source)
java.lang.Thread.run(Unknown Source)


14:45:06.796 [pool-1-thread-1] ERROR org.coocox.codb.common.log.ErrorLog - menuToolbarStat api exception!errorCode:2000
PUT API FAILED! 
org.coocox.codb.client.core.api.ClientBaseApi.putRespCheck(ClientBaseApi.java:54)
org.coocox.codb.client.core.api.impl.StatApiImpl.menuToolbarStat(StatApiImpl.java:85)
org.coocox.codb.client.core.task.StatisticsHandler$StatHandler.run(StatisticsHandler.java:78)
java.util.concurrent.ThreadPoolExecutor$Worker.runTask(Unknown Source)
java.util.concurrent.ThreadPoolExecutor$Worker.run(Unknown Source)
java.lang.Thread.run(Unknown Source)


14:45:06.983 [pool-1-thread-2] ERROR org.coocox.codb.common.log.ErrorLog - menuToolbarStat api exception!errorCode:2000
PUT API FAILED! 
org.coocox.codb.client.core.api.ClientBaseApi.putRespCheck(ClientBaseApi.java:54)
org.coocox.codb.client.core.api.impl.StatApiImpl.menuToolbarStat(StatApiImpl.java:85)
org.coocox.codb.client.core.task.StatisticsHandler$StatHandler.run(StatisticsHandler.java:78)
java.util.concurrent.ThreadPoolExecutor$Worker.runTask(Unknown Source)
java.util.concurrent.ThreadPoolExecutor$Worker.run(Unknown Source)
java.lang.Thread.run(Unknown Source)


14:45:07.358 [pool-1-thread-1] ERROR org.coocox.codb.common.log.ErrorLog - menuToolbarStat api exception!errorCode:2000
PUT API FAILED! 
org.coocox.codb.client.core.api.ClientBaseApi.putRespCheck(ClientBaseApi.java:54)
org.coocox.codb.client.core.api.impl.StatApiImpl.menuToolbarStat(StatApiImpl.java:85)
org.coocox.codb.client.core.task.StatisticsHandler$StatHandler.run(StatisticsHandler.java:78)
java.util.concurrent.ThreadPoolExecutor$Worker.runTask(Unknown Source)
java.util.concurrent.ThreadPoolExecutor$Worker.run(Unknown Source)
java.lang.Thread.run(Unknown Source)


14:45:08.637 [pool-1-thread-2] ERROR org.coocox.codb.common.log.ErrorLog - menuToolbarStat api exception!errorCode:2000
PUT API FAILED! 
org.coocox.codb.client.core.api.ClientBaseApi.putRespCheck(ClientBaseApi.java:54)
org.coocox.codb.client.core.api.impl.StatApiImpl.menuToolbarStat(StatApiImpl.java:85)
org.coocox.codb.client.core.task.StatisticsHandler$StatHandler.run(StatisticsHandler.java:78)
java.util.concurrent.ThreadPoolExecutor$Worker.runTask(Unknown Source)
java.util.concurrent.ThreadPoolExecutor$Worker.run(Unknown Source)
java.lang.Thread.run(Unknown Source)


14:45:08.809 [pool-1-thread-1] ERROR org.coocox.codb.common.log.ErrorLog - menuToolbarStat api exception!errorCode:2000
PUT API FAILED! 
org.coocox.codb.client.core.api.ClientBaseApi.putRespCheck(ClientBaseApi.java:54)
org.coocox.codb.client.core.api.impl.StatApiImpl.menuToolbarStat(StatApiImpl.java:85)
org.coocox.codb.client.core.task.StatisticsHandler$StatHandler.run(StatisticsHandler.java:78)
java.util.concurrent.ThreadPoolExecutor$Worker.runTask(Unknown Source)
java.util.concurrent.ThreadPoolExecutor$Worker.run(Unknown Source)
java.lang.Thread.run(Unknown Source)


14:45:09.323 [pool-1-thread-2] ERROR org.coocox.codb.common.log.ErrorLog - menuToolbarStat api exception!errorCode:2000
PUT API FAILED! 
org.coocox.codb.client.core.api.ClientBaseApi.putRespCheck(ClientBaseApi.java:54)
org.coocox.codb.client.core.api.impl.StatApiImpl.menuToolbarStat(StatApiImpl.java:85)
org.coocox.codb.client.core.task.StatisticsHandler$StatHandler.run(StatisticsHandler.java:78)
java.util.concurrent.ThreadPoolExecutor$Worker.runTask(Unknown Source)
java.util.concurrent.ThreadPoolExecutor$Worker.run(Unknown Source)
java.lang.Thread.run(Unknown Source)


14:45:11.445 [pool-1-thread-1] ERROR org.coocox.codb.common.log.ErrorLog - menuToolbarStat api exception!errorCode:2000
PUT API FAILED! 
org.coocox.codb.client.core.api.ClientBaseApi.putRespCheck(ClientBaseApi.java:54)
org.coocox.codb.client.core.api.impl.StatApiImpl.menuToolbarStat(StatApiImpl.java:85)
org.coocox.codb.client.core.task.StatisticsHandler$StatHandler.run(StatisticsHandler.java:78)
java.util.concurrent.ThreadPoolExecutor$Worker.runTask(Unknown Source)
java.util.concurrent.ThreadPoolExecutor$Worker.run(Unknown Source)
java.lang.Thread.run(Unknown Source)


14:45:12.334 [pool-1-thread-2] ERROR org.coocox.codb.common.log.ErrorLog - menuToolbarStat api exception!errorCode:2000
PUT API FAILED! 
org.coocox.codb.client.core.api.ClientBaseApi.putRespCheck(ClientBaseApi.java:54)
org.coocox.codb.client.core.api.impl.StatApiImpl.menuToolbarStat(StatApiImpl.java:85)
org.coocox.codb.client.core.task.StatisticsHandler$StatHandler.run(StatisticsHandler.java:78)
java.util.concurrent.ThreadPoolExecutor$Worker.runTask(Unknown Source)
java.util.concurrent.ThreadPoolExecutor$Worker.run(Unknown Source)
java.lang.Thread.run(Unknown Source)


14:45:13.067 [pool-1-thread-1] ERROR org.coocox.codb.common.log.ErrorLog - menuToolbarStat api exception!errorCode:2000
PUT API FAILED! 
org.coocox.codb.client.core.api.ClientBaseApi.putRespCheck(ClientBaseApi.java:54)
org.coocox.codb.client.core.api.impl.StatApiImpl.menuToolbarStat(StatApiImpl.java:85)
org.coocox.codb.client.core.task.StatisticsHandler$StatHandler.run(StatisticsHandler.java:78)
java.util.concurrent.ThreadPoolExecutor$Worker.runTask(Unknown Source)
java.util.concurrent.ThreadPoolExecutor$Worker.run(Unknown Source)
java.lang.Thread.run(Unknown Source)


14:45:14.534 [pool-1-thread-2] ERROR org.coocox.codb.common.log.ErrorLog - menuToolbarStat api exception!errorCode:2000
PUT API FAILED! 
org.coocox.codb.client.core.api.ClientBaseApi.putRespCheck(ClientBaseApi.java:54)
org.coocox.codb.client.core.api.impl.StatApiImpl.menuToolbarStat(StatApiImpl.java:85)
org.coocox.codb.client.core.task.StatisticsHandler$StatHandler.run(StatisticsHandler.java:78)
java.util.concurrent.ThreadPoolExecutor$Worker.runTask(Unknown Source)
java.util.concurrent.ThreadPoolExecutor$Worker.run(Unknown Source)
java.lang.Thread.run(Unknown Source)


14:45:15.922 [pool-1-thread-1] ERROR org.coocox.codb.common.log.ErrorLog - menuToolbarStat api exception!errorCode:2000
PUT API FAILED! 
org.coocox.codb.client.core.api.ClientBaseApi.putRespCheck(ClientBaseApi.java:54)
org.coocox.codb.client.core.api.impl.StatApiImpl.menuToolbarStat(StatApiImpl.java:85)
org.coocox.codb.client.core.task.StatisticsHandler$StatHandler.run(StatisticsHandler.java:78)
java.util.concurrent.ThreadPoolExecutor$Worker.runTask(Unknown Source)
java.util.concurrent.ThreadPoolExecutor$Worker.run(Unknown Source)
java.lang.Thread.run(Unknown Source)


14:45:17.326 [pool-1-thread-2] ERROR org.coocox.codb.common.log.ErrorLog - menuToolbarStat api exception!errorCode:2000
PUT API FAILED! 
org.coocox.codb.client.core.api.ClientBaseApi.putRespCheck(ClientBaseApi.java:54)
org.coocox.codb.client.core.api.impl.StatApiImpl.menuToolbarStat(StatApiImpl.java:85)
org.coocox.codb.client.core.task.StatisticsHandler$StatHandler.run(StatisticsHandler.java:78)
java.util.concurrent.ThreadPoolExecutor$Worker.runTask(Unknown Source)
java.util.concurrent.ThreadPoolExecutor$Worker.run(Unknown Source)
java.lang.Thread.run(Unknown Source)


14:45:17.966 [pool-1-thread-1] ERROR org.coocox.codb.common.log.ErrorLog - menuToolbarStat api exception!errorCode:2000
PUT API FAILED! 
org.coocox.codb.client.core.api.ClientBaseApi.putRespCheck(ClientBaseApi.java:54)
org.coocox.codb.client.core.api.impl.StatApiImpl.menuToolbarStat(StatApiImpl.java:85)
org.coocox.codb.client.core.task.StatisticsHandler$StatHandler.run(StatisticsHandler.java:78)
java.util.concurrent.ThreadPoolExecutor$Worker.runTask(Unknown Source)
java.util.concurrent.ThreadPoolExecutor$Worker.run(Unknown Source)
java.lang.Thread.run(Unknown Source)


14:45:18.574 [pool-1-thread-2] ERROR org.coocox.codb.common.log.ErrorLog - menuToolbarStat api exception!errorCode:2000
PUT API FAILED! 
org.coocox.codb.client.core.api.ClientBaseApi.putRespCheck(ClientBaseApi.java:54)
org.coocox.codb.client.core.api.impl.StatApiImpl.menuToolbarStat(StatApiImpl.java:85)
org.coocox.codb.client.core.task.StatisticsHandler$StatHandler.run(StatisticsHandler.java:78)
java.util.concurrent.ThreadPoolExecutor$Worker.runTask(Unknown Source)
java.util.concurrent.ThreadPoolExecutor$Worker.run(Unknown Source)
java.lang.Thread.run(Unknown Source)


14:45:19.464 [pool-1-thread-1] ERROR org.coocox.codb.common.log.ErrorLog - menuToolbarStat api exception!errorCode:2000
PUT API FAILED! 
org.coocox.codb.client.core.api.ClientBaseApi.putRespCheck(ClientBaseApi.java:54)
org.coocox.codb.client.core.api.impl.StatApiImpl.menuToolbarStat(StatApiImpl.java:85)
org.coocox.codb.client.core.task.StatisticsHandler$StatHandler.run(StatisticsHandler.java:78)
java.util.concurrent.ThreadPoolExecutor$Worker.runTask(Unknown Source)
java.util.concurrent.ThreadPoolExecutor$Worker.run(Unknown Source)
java.lang.Thread.run(Unknown Source)


14:45:20.197 [pool-1-thread-2] ERROR org.coocox.codb.common.log.ErrorLog - menuToolbarStat api exception!errorCode:2000
PUT API FAILED! 
org.coocox.codb.client.core.api.ClientBaseApi.putRespCheck(ClientBaseApi.java:54)
org.coocox.codb.client.core.api.impl.StatApiImpl.menuToolbarStat(StatApiImpl.java:85)
org.coocox.codb.client.core.task.StatisticsHandler$StatHandler.run(StatisticsHandler.java:78)
java.util.concurrent.ThreadPoolExecutor$Worker.runTask(Unknown Source)
java.util.concurrent.ThreadPoolExecutor$Worker.run(Unknown Source)
java.lang.Thread.run(Unknown Source)


14:45:22.786 [pool-1-thread-1] ERROR org.coocox.codb.common.log.ErrorLog - menuToolbarStat api exception!errorCode:2000
PUT API FAILED! 
org.coocox.codb.client.core.api.ClientBaseApi.putRespCheck(ClientBaseApi.java:54)
org.coocox.codb.client.core.api.impl.StatApiImpl.menuToolbarStat(StatApiImpl.java:85)
org.coocox.codb.client.core.task.StatisticsHandler$StatHandler.run(StatisticsHandler.java:78)
java.util.concurrent.ThreadPoolExecutor$Worker.runTask(Unknown Source)
java.util.concurrent.ThreadPoolExecutor$Worker.run(Unknown Source)
java.lang.Thread.run(Unknown Source)


14:45:24.518 [pool-1-thread-2] ERROR org.coocox.codb.common.log.ErrorLog - menuToolbarStat api exception!errorCode:2000
PUT API FAILED! 
org.coocox.codb.client.core.api.ClientBaseApi.putRespCheck(ClientBaseApi.java:54)
org.coocox.codb.client.core.api.impl.StatApiImpl.menuToolbarStat(StatApiImpl.java:85)
org.coocox.codb.client.core.task.StatisticsHandler$StatHandler.run(StatisticsHandler.java:78)
java.util.concurrent.ThreadPoolExecutor$Worker.runTask(Unknown Source)
java.util.concurrent.ThreadPoolExecutor$Worker.run(Unknown Source)
java.lang.Thread.run(Unknown Source)


14:51:06.965 [pool-1-thread-1] ERROR org.coocox.codb.common.log.ErrorLog - menuToolbarStat api exception!errorCode:2000
PUT API FAILED! 
org.coocox.codb.client.core.api.ClientBaseApi.putRespCheck(ClientBaseApi.java:54)
org.coocox.codb.client.core.api.impl.StatApiImpl.menuToolbarStat(StatApiImpl.java:85)
org.coocox.codb.client.core.task.StatisticsHandler$StatHandler.run(StatisticsHandler.java:78)
java.util.concurrent.ThreadPoolExecutor$Worker.runTask(Unknown Source)
java.util.concurrent.ThreadPoolExecutor$Worker.run(Unknown Source)
java.lang.Thread.run(Unknown Source)


14:51:07.729 [pool-1-thread-2] ERROR org.coocox.codb.common.log.ErrorLog - menuToolbarStat api exception!errorCode:2000
PUT API FAILED! 
org.coocox.codb.client.core.api.ClientBaseApi.putRespCheck(ClientBaseApi.java:54)
org.coocox.codb.client.core.api.impl.StatApiImpl.menuToolbarStat(StatApiImpl.java:85)
org.coocox.codb.client.core.task.StatisticsHandler$StatHandler.run(StatisticsHandler.java:78)
java.util.concurrent.ThreadPoolExecutor$Worker.runTask(Unknown Source)
java.util.concurrent.ThreadPoolExecutor$Worker.run(Unknown Source)
java.lang.Thread.run(Unknown Source)


14:51:08.150 [pool-1-thread-1] ERROR org.coocox.codb.common.log.ErrorLog - menuToolbarStat api exception!errorCode:2000
PUT API FAILED! 
org.coocox.codb.client.core.api.ClientBaseApi.putRespCheck(ClientBaseApi.java:54)
org.coocox.codb.client.core.api.impl.StatApiImpl.menuToolbarStat(StatApiImpl.java:85)
org.coocox.codb.client.core.task.StatisticsHandler$StatHandler.run(StatisticsHandler.java:78)
java.util.concurrent.ThreadPoolExecutor$Worker.runTask(Unknown Source)
java.util.concurrent.ThreadPoolExecutor$Worker.run(Unknown Source)
java.lang.Thread.run(Unknown Source)


14:51:08.525 [pool-1-thread-2] ERROR org.coocox.codb.common.log.ErrorLog - menuToolbarStat api exception!errorCode:2000
PUT API FAILED! 
org.coocox.codb.client.core.api.ClientBaseApi.putRespCheck(ClientBaseApi.java:54)
org.coocox.codb.client.core.api.impl.StatApiImpl.menuToolbarStat(StatApiImpl.java:85)
org.coocox.codb.client.core.task.StatisticsHandler$StatHandler.run(StatisticsHandler.java:78)
java.util.concurrent.ThreadPoolExecutor$Worker.runTask(Unknown Source)
java.util.concurrent.ThreadPoolExecutor$Worker.run(Unknown Source)
java.lang.Thread.run(Unknown Source)


14:51:09.227 [pool-1-thread-1] ERROR org.coocox.codb.common.log.ErrorLog - menuToolbarStat api exception!errorCode:2000
PUT API FAILED! 
org.coocox.codb.client.core.api.ClientBaseApi.putRespCheck(ClientBaseApi.java:54)
org.coocox.codb.client.core.api.impl.StatApiImpl.menuToolbarStat(StatApiImpl.java:85)
org.coocox.codb.client.core.task.StatisticsHandler$StatHandler.run(StatisticsHandler.java:78)
java.util.concurrent.ThreadPoolExecutor$Worker.runTask(Unknown Source)
java.util.concurrent.ThreadPoolExecutor$Worker.run(Unknown Source)
java.lang.Thread.run(Unknown Source)


14:51:09.648 [pool-1-thread-2] ERROR org.coocox.codb.common.log.ErrorLog - menuToolbarStat api exception!errorCode:2000
PUT API FAILED! 
org.coocox.codb.client.core.api.ClientBaseApi.putRespCheck(ClientBaseApi.java:54)
org.coocox.codb.client.core.api.impl.StatApiImpl.menuToolbarStat(StatApiImpl.java:85)
org.coocox.codb.client.core.task.StatisticsHandler$StatHandler.run(StatisticsHandler.java:78)
java.util.concurrent.ThreadPoolExecutor$Worker.runTask(Unknown Source)
java.util.concurrent.ThreadPoolExecutor$Worker.run(Unknown Source)
java.lang.Thread.run(Unknown Source)


14:51:10.022 [pool-1-thread-1] ERROR org.coocox.codb.common.log.ErrorLog - menuToolbarStat api exception!errorCode:2000
PUT API FAILED! 
org.coocox.codb.client.core.api.ClientBaseApi.putRespCheck(ClientBaseApi.java:54)
org.coocox.codb.client.core.api.impl.StatApiImpl.menuToolbarStat(StatApiImpl.java:85)
org.coocox.codb.client.core.task.StatisticsHandler$StatHandler.run(StatisticsHandler.java:78)
java.util.concurrent.ThreadPoolExecutor$Worker.runTask(Unknown Source)
java.util.concurrent.ThreadPoolExecutor$Worker.run(Unknown Source)
java.lang.Thread.run(Unknown Source)


14:51:10.506 [pool-1-thread-2] ERROR org.coocox.codb.common.log.ErrorLog - menuToolbarStat api exception!errorCode:2000
PUT API FAILED! 
org.coocox.codb.client.core.api.ClientBaseApi.putRespCheck(ClientBaseApi.java:54)
org.coocox.codb.client.core.api.impl.StatApiImpl.menuToolbarStat(StatApiImpl.java:85)
org.coocox.codb.client.core.task.StatisticsHandler$StatHandler.run(StatisticsHandler.java:78)
java.util.concurrent.ThreadPoolExecutor$Worker.runTask(Unknown Source)
java.util.concurrent.ThreadPoolExecutor$Worker.run(Unknown Source)
java.lang.Thread.run(Unknown Source)


14:51:11.348 [pool-1-thread-1] ERROR org.coocox.codb.common.log.ErrorLog - menuToolbarStat api exception!errorCode:2000
PUT API FAILED! 
org.coocox.codb.client.core.api.ClientBaseApi.putRespCheck(ClientBaseApi.java:54)
org.coocox.codb.client.core.api.impl.StatApiImpl.menuToolbarStat(StatApiImpl.java:85)
org.coocox.codb.client.core.task.StatisticsHandler$StatHandler.run(StatisticsHandler.java:78)
java.util.concurrent.ThreadPoolExecutor$Worker.runTask(Unknown Source)
java.util.concurrent.ThreadPoolExecutor$Worker.run(Unknown Source)
java.lang.Thread.run(Unknown Source)


14:51:11.879 [pool-1-thread-2] ERROR org.coocox.codb.common.log.ErrorLog - menuToolbarStat api exception!errorCode:2000
PUT API FAILED! 
org.coocox.codb.client.core.api.ClientBaseApi.putRespCheck(ClientBaseApi.java:54)
org.coocox.codb.client.core.api.impl.StatApiImpl.menuToolbarStat(StatApiImpl.java:85)
org.coocox.codb.client.core.task.StatisticsHandler$StatHandler.run(StatisticsHandler.java:78)
java.util.concurrent.ThreadPoolExecutor$Worker.runTask(Unknown Source)
java.util.concurrent.ThreadPoolExecutor$Worker.run(Unknown Source)
java.lang.Thread.run(Unknown Source)


14:51:12.284 [pool-1-thread-1] ERROR org.coocox.codb.common.log.ErrorLog - menuToolbarStat api exception!errorCode:2000
PUT API FAILED! 
org.coocox.codb.client.core.api.ClientBaseApi.putRespCheck(ClientBaseApi.java:54)
org.coocox.codb.client.core.api.impl.StatApiImpl.menuToolbarStat(StatApiImpl.java:85)
org.coocox.codb.client.core.task.StatisticsHandler$StatHandler.run(StatisticsHandler.java:78)
java.util.concurrent.ThreadPoolExecutor$Worker.runTask(Unknown Source)
java.util.concurrent.ThreadPoolExecutor$Worker.run(Unknown Source)
java.lang.Thread.run(Unknown Source)


14:51:13.298 [pool-1-thread-2] ERROR org.coocox.codb.common.log.ErrorLog - menuToolbarStat api exception!errorCode:2000
PUT API FAILED! 
org.coocox.codb.client.core.api.ClientBaseApi.putRespCheck(ClientBaseApi.java:54)
org.coocox.codb.client.core.api.impl.StatApiImpl.menuToolbarStat(StatApiImpl.java:85)
org.coocox.codb.client.core.task.StatisticsHandler$StatHandler.run(StatisticsHandler.java:78)
java.util.concurrent.ThreadPoolExecutor$Worker.runTask(Unknown Source)
java.util.concurrent.ThreadPoolExecutor$Worker.run(Unknown Source)
java.lang.Thread.run(Unknown Source)


14:51:14.297 [pool-1-thread-1] ERROR org.coocox.codb.common.log.ErrorLog - menuToolbarStat api exception!errorCode:2000
PUT API FAILED! 
org.coocox.codb.client.core.api.ClientBaseApi.putRespCheck(ClientBaseApi.java:54)
org.coocox.codb.client.core.api.impl.StatApiImpl.menuToolbarStat(StatApiImpl.java:85)
org.coocox.codb.client.core.task.StatisticsHandler$StatHandler.run(StatisticsHandler.java:78)
java.util.concurrent.ThreadPoolExecutor$Worker.runTask(Unknown Source)
java.util.concurrent.ThreadPoolExecutor$Worker.run(Unknown Source)
java.lang.Thread.run(Unknown Source)


14:51:14.889 [pool-1-thread-2] ERROR org.coocox.codb.common.log.ErrorLog - menuToolbarStat api exception!errorCode:2000
PUT API FAILED! 
org.coocox.codb.client.core.api.ClientBaseApi.putRespCheck(ClientBaseApi.java:54)
org.coocox.codb.client.core.api.impl.StatApiImpl.menuToolbarStat(StatApiImpl.java:85)
org.coocox.codb.client.core.task.StatisticsHandler$StatHandler.run(StatisticsHandler.java:78)
java.util.concurrent.ThreadPoolExecutor$Worker.runTask(Unknown Source)
java.util.concurrent.ThreadPoolExecutor$Worker.run(Unknown Source)
java.lang.Thread.run(Unknown Source)


14:51:15.498 [pool-1-thread-1] ERROR org.coocox.codb.common.log.ErrorLog - menuToolbarStat api exception!errorCode:2000
PUT API FAILED! 
org.coocox.codb.client.core.api.ClientBaseApi.putRespCheck(ClientBaseApi.java:54)
org.coocox.codb.client.core.api.impl.StatApiImpl.menuToolbarStat(StatApiImpl.java:85)
org.coocox.codb.client.core.task.StatisticsHandler$StatHandler.run(StatisticsHandler.java:78)
java.util.concurrent.ThreadPoolExecutor$Worker.runTask(Unknown Source)
java.util.concurrent.ThreadPoolExecutor$Worker.run(Unknown Source)
java.lang.Thread.run(Unknown Source)


14:51:16.980 [pool-1-thread-2] ERROR org.coocox.codb.common.log.ErrorLog - menuToolbarStat api exception!errorCode:2000
PUT API FAILED! 
org.coocox.codb.client.core.api.ClientBaseApi.putRespCheck(ClientBaseApi.java:54)
org.coocox.codb.client.core.api.impl.StatApiImpl.menuToolbarStat(StatApiImpl.java:85)
org.coocox.codb.client.core.task.StatisticsHandler$StatHandler.run(StatisticsHandler.java:78)
java.util.concurrent.ThreadPoolExecutor$Worker.runTask(Unknown Source)
java.util.concurrent.ThreadPoolExecutor$Worker.run(Unknown Source)
java.lang.Thread.run(Unknown Source)


14:51:20.349 [pool-1-thread-1] ERROR org.coocox.codb.common.log.ErrorLog - menuToolbarStat api exception!errorCode:2000
PUT API FAILED! 
org.coocox.codb.client.core.api.ClientBaseApi.putRespCheck(ClientBaseApi.java:54)
org.coocox.codb.client.core.api.impl.StatApiImpl.menuToolbarStat(StatApiImpl.java:85)
org.coocox.codb.client.core.task.StatisticsHandler$StatHandler.run(StatisticsHandler.java:78)
java.util.concurrent.ThreadPoolExecutor$Worker.runTask(Unknown Source)
java.util.concurrent.ThreadPoolExecutor$Worker.run(Unknown Source)
java.lang.Thread.run(Unknown Source)


14:51:22.923 [pool-1-thread-2] ERROR org.coocox.codb.common.log.ErrorLog - menuToolbarStat api exception!errorCode:2000
PUT API FAILED! 
org.coocox.codb.client.core.api.ClientBaseApi.putRespCheck(ClientBaseApi.java:54)
org.coocox.codb.client.core.api.impl.StatApiImpl.menuToolbarStat(StatApiImpl.java:85)
org.coocox.codb.client.core.task.StatisticsHandler$StatHandler.run(StatisticsHandler.java:78)
java.util.concurrent.ThreadPoolExecutor$Worker.runTask(Unknown Source)
java.util.concurrent.ThreadPoolExecutor$Worker.run(Unknown Source)
java.lang.Thread.run(Unknown Source)


14:51:50.190 [pool-1-thread-1] ERROR org.coocox.codb.common.log.ErrorLog - menuToolbarStat api exception!errorCode:2000
PUT API FAILED! 
org.coocox.codb.client.core.api.ClientBaseApi.putRespCheck(ClientBaseApi.java:54)
org.coocox.codb.client.core.api.impl.StatApiImpl.menuToolbarStat(StatApiImpl.java:85)
org.coocox.codb.client.core.task.StatisticsHandler$StatHandler.run(StatisticsHandler.java:78)
java.util.concurrent.ThreadPoolExecutor$Worker.runTask(Unknown Source)
java.util.concurrent.ThreadPoolExecutor$Worker.run(Unknown Source)
java.lang.Thread.run(Unknown Source)


